<?xml version="1.0" encoding="UTF-8"?>
<!-- Generated by org.testng.reporters.JUnitReportReporter -->
<testsuite hostname="Lenovo-AIO" failures="0" tests="1" name="runners.SearchFlightChromeRunner" time="22.591" errors="0" timestamp="2024-11-14T11:12:10 CET" skipped="0">
  <testcase classname="runners.SearchFlightChromeRunner" name="runScenario" time="22.591"/>
  <system-out/>
</testsuite> <!-- runners.SearchFlightChromeRunner -->
