<?xml version="1.0" encoding="UTF-8"?>
<!-- Generated by org.testng.reporters.JUnitReportReporter -->
<testsuite hostname="Lenovo-AIO" failures="0" tests="1" name="runners.SearchFlightFirefoxRunner" time="27.825" errors="0" timestamp="2024-11-14T11:12:10 CET" skipped="0">
  <testcase classname="runners.SearchFlightFirefoxRunner" name="runScenario" time="27.825"/>
  <system-out/>
</testsuite> <!-- runners.SearchFlightFirefoxRunner -->
